<?xml version="1.0" encoding="UTF-8"?>
<!-- Generated by org.testng.reporters.JUnitReportReporter -->
<testsuite hostname="INDIA-Daniel" name="com.test.Driverscript" tests="1" failures="0" timestamp="7 Jan 2016 11:45:20 GMT" time="16.951" errors="0">
  <testcase name="sampleTest" time="16.951" classname="com.test.Driverscript"/>
</testsuite> <!-- com.test.Driverscript -->
